[2019-06-27T16:15:36.359] [INFO] file -  readFiles [ 'src' ]
[2019-06-27T16:15:36.364] [DEBUG] file -  readdir src
[2019-06-27T16:15:36.364] [INFO] file -  readTestCasesFromFile /private/tmp/mutt/muttley/src/command-line.js
[2019-06-27T16:15:36.365] [INFO] file -  readTestCasesFromFile /private/tmp/mutt/muttley/src/dependency.js
[2019-06-27T16:15:36.365] [INFO] file -  readTestCasesFromFile /private/tmp/mutt/muttley/src/dependency.t.js
[2019-06-27T16:15:36.365] [INFO] file -  readTestCasesFromFile /private/tmp/mutt/muttley/src/logger.js
[2019-06-27T16:15:36.365] [INFO] file -  readTestCasesFromFile /private/tmp/mutt/muttley/src/mocha-runner.js
[2019-06-27T16:15:36.365] [INFO] file -  readTestCasesFromFile /private/tmp/mutt/muttley/src/mocha-runner.t.js
[2019-06-27T16:15:36.365] [INFO] file -  readTestCasesFromFile /private/tmp/mutt/muttley/src/mutt.js
[2019-06-27T16:15:36.365] [INFO] file -  readTestCasesFromFile /private/tmp/mutt/muttley/src/ps.js
[2019-06-27T16:15:36.365] [INFO] file -  readTestCasesFromFile /private/tmp/mutt/muttley/src/render.js
[2019-06-27T16:15:36.366] [INFO] file -  readTestCasesFromFile /private/tmp/mutt/muttley/src/test-runner.js
[2019-06-27T16:15:36.368] [INFO] file -   File /private/tmp/mutt/muttley/src/dependency.t.js depends on /private/tmp/mutt/muttley/src/dependency.js
[2019-06-27T16:15:36.369] [INFO] file -    File /private/tmp/mutt/muttley/src/dependency.js depends on /private/tmp/mutt/muttley/src/logger.js
[2019-06-27T16:15:36.369] [INFO] file -     File /private/tmp/mutt/muttley/src/logger.js depends on 
[2019-06-27T16:15:36.369] [INFO] file -     Full dependants for /private/tmp/mutt/muttley/src/logger.js are 
[2019-06-27T16:15:36.370] [INFO] file -    Full dependants for /private/tmp/mutt/muttley/src/dependency.js are /private/tmp/mutt/muttley/src/logger.js
[2019-06-27T16:15:36.370] [INFO] file -   File /private/tmp/mutt/muttley/src/dependency.js depends on /private/tmp/mutt/muttley/src/logger.js
[2019-06-27T16:15:36.370] [INFO] file -   Full dependants for /private/tmp/mutt/muttley/src/dependency.t.js are /private/tmp/mutt/muttley/src/dependency.js,/private/tmp/mutt/muttley/src/logger.js
[2019-06-27T16:15:36.370] [DEBUG] file -  adding /private/tmp/mutt/muttley/src/dependency.t.js-getFlat-throws if file not found getFlat throws if file not found
[2019-06-27T16:15:36.370] [DEBUG] file -  adding /private/tmp/mutt/muttley/src/dependency.t.js-getFlat-returns a single file getFlat returns a single file
[2019-06-27T16:15:36.370] [DEBUG] file -  adding /private/tmp/mutt/muttley/src/dependency.t.js-getFlat-returns multiple files getFlat returns multiple files
[2019-06-27T16:15:36.370] [DEBUG] file -  exec @ /private/tmp/mutt/muttley mocha [ '/private/tmp/mutt/muttley/src/dependency.t.js',
  '--reporter=xunit',
  '--require',
  'source-map-support/register' ]
[2019-06-27T16:15:36.374] [INFO] file -   File /private/tmp/mutt/muttley/src/mocha-runner.t.js depends on /private/tmp/mutt/muttley/src/mocha-runner.js
[2019-06-27T16:15:36.375] [INFO] file -    File /private/tmp/mutt/muttley/src/mocha-runner.js depends on /private/tmp/mutt/muttley/src/logger.js
[2019-06-27T16:15:36.375] [INFO] file -     File /private/tmp/mutt/muttley/src/logger.js depends on 
[2019-06-27T16:15:36.375] [INFO] file -     Full dependants for /private/tmp/mutt/muttley/src/logger.js are 
[2019-06-27T16:15:36.375] [INFO] file -    Full dependants for /private/tmp/mutt/muttley/src/mocha-runner.js are /private/tmp/mutt/muttley/src/logger.js
[2019-06-27T16:15:36.375] [INFO] file -   File /private/tmp/mutt/muttley/src/mocha-runner.js depends on /private/tmp/mutt/muttley/src/logger.js
[2019-06-27T16:15:36.375] [INFO] file -   Full dependants for /private/tmp/mutt/muttley/src/mocha-runner.t.js are /private/tmp/mutt/muttley/src/mocha-runner.js,/private/tmp/mutt/muttley/src/logger.js
[2019-06-27T16:15:36.376] [DEBUG] file -  adding /private/tmp/mutt/muttley/src/mocha-runner.t.js-ctor-is can be created ctor is can be created
[2019-06-27T16:15:36.376] [DEBUG] file -  exec @ /private/tmp/mutt/muttley mocha [ '/private/tmp/mutt/muttley/src/mocha-runner.t.js',
  '--reporter=xunit',
  '--require',
  'source-map-support/register' ]
[2019-06-27T16:15:36.863] [INFO] file -  readFiles [ 'src' ]
[2019-06-27T16:15:36.865] [DEBUG] file -  readdir src
[2019-06-27T16:15:36.866] [DEBUG] file -  subfolders []
[2019-06-27T16:15:36.989] [INFO] file -  onStart /private/tmp/mutt/muttley/src/mocha-runner.t.js
[2019-06-27T16:15:36.989] [DEBUG] file -  /private/tmp/mutt/muttley/src/dependency.t.js-getFlat-throws if file not found /private/tmp/mutt/muttley/src/dependency.t.js /private/tmp/mutt/muttley/src/mocha-runner.t.js
[2019-06-27T16:15:36.989] [DEBUG] file -  /private/tmp/mutt/muttley/src/dependency.t.js-getFlat-returns a single file /private/tmp/mutt/muttley/src/dependency.t.js /private/tmp/mutt/muttley/src/mocha-runner.t.js
[2019-06-27T16:15:36.989] [DEBUG] file -  /private/tmp/mutt/muttley/src/dependency.t.js-getFlat-returns multiple files /private/tmp/mutt/muttley/src/dependency.t.js /private/tmp/mutt/muttley/src/mocha-runner.t.js
[2019-06-27T16:15:36.989] [DEBUG] file -  /private/tmp/mutt/muttley/src/mocha-runner.t.js-ctor-is can be created /private/tmp/mutt/muttley/src/mocha-runner.t.js /private/tmp/mutt/muttley/src/mocha-runner.t.js
[2019-06-27T16:15:36.989] [DEBUG] file -  remove /private/tmp/mutt/muttley/src/mocha-runner.t.js ctor is can be created
[2019-06-27T16:15:36.989] [DEBUG] file -  stdout: <testsuite name="Mocha Tests" tests="1" failures="0" errors="0" skipped="0" timestamp="Thu, 27 Jun 2019 20:15:36 GMT" time="0.004">
<testcase classname="MochaTestRunner ctor" name="is can be created" time="0"/>
</testsuite>

[2019-06-27T16:15:36.989] [DEBUG] file -  stderr: 
[2019-06-27T16:15:36.991] [DEBUG] file -  { name: 'Mocha Tests',
  tests: '1',
  failures: '0',
  errors: '0',
  skipped: '0',
  timestamp: 'Thu, 27 Jun 2019 20:15:36 GMT',
  time: '0.004',
  testcase:
   { classname: 'MochaTestRunner ctor',
     name: 'is can be created',
     time: '0' } }
[2019-06-27T16:15:36.992] [DEBUG] file -  pass: [%s] [%s] [%s] MochaTestRunner ctor is can be created 0
[2019-06-27T16:15:36.992] [INFO] file -  onPass /private/tmp/mutt/muttley/src/mocha-runner.t.js MochaTestRunner ctor is can be created 0
[2019-06-27T16:15:36.992] [INFO] file -  onEnd 1 0
[2019-06-27T16:15:36.993] [INFO] file -  onStart /private/tmp/mutt/muttley/src/dependency.t.js
[2019-06-27T16:15:36.993] [DEBUG] file -  /private/tmp/mutt/muttley/src/dependency.t.js-getFlat-throws if file not found /private/tmp/mutt/muttley/src/dependency.t.js /private/tmp/mutt/muttley/src/dependency.t.js
[2019-06-27T16:15:36.993] [DEBUG] file -  remove /private/tmp/mutt/muttley/src/dependency.t.js getFlat throws if file not found
[2019-06-27T16:15:36.993] [DEBUG] file -  /private/tmp/mutt/muttley/src/dependency.t.js-getFlat-returns a single file /private/tmp/mutt/muttley/src/dependency.t.js /private/tmp/mutt/muttley/src/dependency.t.js
[2019-06-27T16:15:36.993] [DEBUG] file -  remove /private/tmp/mutt/muttley/src/dependency.t.js getFlat returns a single file
[2019-06-27T16:15:36.993] [DEBUG] file -  /private/tmp/mutt/muttley/src/dependency.t.js-getFlat-returns multiple files /private/tmp/mutt/muttley/src/dependency.t.js /private/tmp/mutt/muttley/src/dependency.t.js
[2019-06-27T16:15:36.993] [DEBUG] file -  remove /private/tmp/mutt/muttley/src/dependency.t.js getFlat returns multiple files
[2019-06-27T16:15:36.993] [DEBUG] file -  /private/tmp/mutt/muttley/src/mocha-runner.t.js-MochaTestRunner ctor-is can be created /private/tmp/mutt/muttley/src/mocha-runner.t.js /private/tmp/mutt/muttley/src/dependency.t.js
[2019-06-27T16:15:36.993] [DEBUG] file -  mocha exe returned : Error: Command failed: mocha /private/tmp/mutt/muttley/src/dependency.t.js --reporter=xunit --require source-map-support/register

[2019-06-27T16:15:36.993] [DEBUG] file -  stdout: <testsuite name="Mocha Tests" tests="3" failures="0" errors="1" skipped="0" timestamp="Thu, 27 Jun 2019 20:15:36 GMT" time="0.02">
<testcase classname="DependencyTree getFlat" name="throws if file not found" time="0.001"/>
<testcase classname="DependencyTree getFlat" name="returns a single file" time="0.003"/>
<testcase classname="DependencyTree getFlat" name="returns multiple files" time="0.002"><failure>[ &#x27;/private/tmp/mutt/muttley/src/logger.js&#x27; ] deepEqual [ &#x27;/private/tmp/mutt/muttley/src/test-runner.js&#x27;,
  &#x27;/private/tmp/mutt/muttley/src/logger.js&#x27; ]

      + expected - actual

       [
      +  &#x22;/private/tmp/mutt/muttley/src/test-runner.js&#x22;
         &#x22;/private/tmp/mutt/muttley/src/logger.js&#x22;
       ]
      
AssertionError [ERR_ASSERTION]: [ &#x27;/private/tmp/mutt/muttley/src/logger.js&#x27; ] deepEqual [ &#x27;/private/tmp/mutt/muttley/src/test-runner.js&#x27;,
  &#x27;/private/tmp/mutt/muttley/src/logger.js&#x27; ]
    at Context.&#x3C;anonymous&#x3E; (src/dependency.t.ts:25:20)</failure></testcase>
</testsuite>

[2019-06-27T16:15:36.993] [DEBUG] file -  stderr: 
[2019-06-27T16:15:36.993] [DEBUG] file -  { name: 'Mocha Tests',
  tests: '3',
  failures: '0',
  errors: '1',
  skipped: '0',
  timestamp: 'Thu, 27 Jun 2019 20:15:36 GMT',
  time: '0.02',
  testcase:
   [ { classname: 'DependencyTree getFlat',
       name: 'throws if file not found',
       time: '0.001' },
     { classname: 'DependencyTree getFlat',
       name: 'returns a single file',
       time: '0.003' },
     { classname: 'DependencyTree getFlat',
       name: 'returns multiple files',
       time: '0.002',
       failure:
        '[ &#x27;/private/tmp/mutt/muttley/src/logger.js&#x27; ] deepEqual [ &#x27;/private/tmp/mutt/muttley/src/test-runner.js&#x27;,\n  &#x27;/private/tmp/mutt/muttley/src/logger.js&#x27; ]\n\n      + expected - actual\n\n       [\n      +  &#x22;/private/tmp/mutt/muttley/src/test-runner.js&#x22;\n         &#x22;/private/tmp/mutt/muttley/src/logger.js&#x22;\n       ]\n      \nAssertionError [ERR_ASSERTION]: [ &#x27;/private/tmp/mutt/muttley/src/logger.js&#x27; ] deepEqual [ &#x27;/private/tmp/mutt/muttley/src/test-runner.js&#x27;,\n  &#x27;/private/tmp/mutt/muttley/src/logger.js&#x27; ]\n    at Context.&#x3C;anonymous&#x3E; (src/dependency.t.ts:25:20)' } ] }
[2019-06-27T16:15:36.994] [DEBUG] file -  pass: [%s] [%s] [%s] DependencyTree getFlat throws if file not found 0.001
[2019-06-27T16:15:36.994] [INFO] file -  onPass /private/tmp/mutt/muttley/src/dependency.t.js DependencyTree getFlat throws if file not found 1
[2019-06-27T16:15:36.994] [DEBUG] file -  pass: [%s] [%s] [%s] DependencyTree getFlat returns a single file 0.003
[2019-06-27T16:15:36.994] [INFO] file -  onPass /private/tmp/mutt/muttley/src/dependency.t.js DependencyTree getFlat returns a single file 3
[2019-06-27T16:15:36.994] [DEBUG] file -  failed: [%s] [%s] [%s] DependencyTree getFlat returns multiple files 0.002
[2019-06-27T16:15:36.994] [DEBUG] file -  error message:
 [ &#x27;/private/tmp/mutt/muttley/src/logger.js&#x27; ] deepEqual [ &#x27;/private/tmp/mutt/muttley/src/test-runner.js&#x27;,
  &#x27;/private/tmp/mutt/muttley/src/logger.js&#x27; ]
      + expected - actual
       [
      +  &#x22;/private/tmp/mutt/muttley/src/test-runner.js&#x22;
         &#x22;/private/tmp/mutt/muttley/src/logger.js&#x22;
       ]
      
AssertionError [ERR_ASSERTION]: [ &#x27;/private/tmp/mutt/muttley/src/logger.js&#x27; ] deepEqual [ &#x27;/private/tmp/mutt/muttley/src/test-runner.js&#x27;,
  &#x27;/private/tmp/mutt/muttley/src/logger.js&#x27; ]
    at Context.&#x3C;anonymous&#x3E; (src/dependency.t.ts:25:20)
[2019-06-27T16:15:36.994] [DEBUG] file -  extractStack returns [ { file: 'src/dependency.t.ts', lineno: 25 } ]
[2019-06-27T16:15:36.995] [ERROR] file -  onFail /private/tmp/mutt/muttley/src/dependency.t.js DependencyTree getFlat returns multiple files [ &#x27;/private/tmp/mutt/muttley/src/logger.js&#x27; ] deepEqual [ &#x27;/private/tmp/mutt/muttley/src/test-runner.js&#x27;,   &#x27;/private/tmp/mutt/muttley/src/logger.js&#x27; ]       + expected - actual        [       +  &#x22;/private/tmp/mutt/muttley/src/test-runner.js&#x22;          &#x22;/private/tmp/mutt/muttley/src/logger.js&#x22;        ]        AssertionError [ERR_ASSERTION]: [ &#x27;/private/tmp/mutt/muttley/src/logger.js&#x27; ] deepEqual [ &#x27;/private/tmp/mutt/muttley/src/test-runner.js&#x27;,   &#x27;/private/tmp/mutt/muttley/src/logger.js&#x27; ]     at Context.&#x3C;anonymous&#x3E; (src/dependency.t.ts:25:20)
[2019-06-27T16:15:36.995] [DEBUG] file -  onFail /private/tmp/mutt/muttley/src/dependency.t.js DependencyTree getFlat returns multiple files [ &#x27;/private/tmp/mutt/muttley/src/logger.js&#x27; ] deepEqual [ &#x27;/private/tmp/mutt/muttley/src/test-runner.js&#x27;,
  &#x27;/private/tmp/mutt/muttley/src/logger.js&#x27; ]

      + expected - actual

       [
      +  &#x22;/private/tmp/mutt/muttley/src/test-runner.js&#x22;
         &#x22;/private/tmp/mutt/muttley/src/logger.js&#x22;
       ]
      
AssertionError [ERR_ASSERTION]: [ &#x27;/private/tmp/mutt/muttley/src/logger.js&#x27; ] deepEqual [ &#x27;/private/tmp/mutt/muttley/src/test-runner.js&#x27;,
  &#x27;/private/tmp/mutt/muttley/src/logger.js&#x27; ]
    at Context.&#x3C;anonymous&#x3E; (src/dependency.t.ts:25:20) [ &#x27;/private/tmp/mutt/muttley/src/logger.js&#x27; ] deepEqual [ &#x27;/private/tmp/mutt/muttley/src/test-runner.js&#x27;,   &#x27;/private/tmp/mutt/muttley/src/logger.js&#x27; ]       + expected - actual        [       +  &#x22;/private/tmp/mutt/muttley/src/test-runner.js&#x22;          &#x22;/private/tmp/mutt/muttley/src/logger.js&#x22;        ]        AssertionError [ERR_ASSERTION]: [ &#x27;/private/tmp/mutt/muttley/src/logger.js&#x27; ] deepEqual [ &#x27;/private/tmp/mutt/muttley/src/test-runner.js&#x27;,   &#x27;/private/tmp/mutt/muttley/src/logger.js&#x27; ]     at Context.&#x3C;anonymous&#x3E; (src/dependency.t.ts:25:20) [ { file: 'src/dependency.t.ts', lineno: 25 } ]
[2019-06-27T16:15:36.995] [INFO] file -  onEnd 2 1
[2019-06-27T16:15:36.995] [DEBUG] file -  subfolders []
[2019-06-27T16:15:37.367] [INFO] file -  readFiles [ 'src' ]
[2019-06-27T16:15:37.368] [DEBUG] file -  readdir src
[2019-06-27T16:15:37.368] [DEBUG] file -  subfolders []
[2019-06-27T16:15:37.870] [INFO] file -  readFiles [ 'src' ]
[2019-06-27T16:15:37.872] [DEBUG] file -  readdir src
[2019-06-27T16:15:37.872] [DEBUG] file -  subfolders []
[2019-06-27T16:15:38.373] [INFO] file -  readFiles [ 'src' ]
[2019-06-27T16:15:38.375] [DEBUG] file -  readdir src
[2019-06-27T16:15:38.375] [DEBUG] file -  subfolders []
[2019-06-27T16:19:18.983] [INFO] file -  readFiles [ 'src' ]
[2019-06-27T16:19:18.988] [DEBUG] file -  readdir src
[2019-06-27T16:19:18.988] [INFO] file -  readTestCasesFromFile /private/tmp/mutt/muttley/src/command-line.js
[2019-06-27T16:19:18.989] [INFO] file -  readTestCasesFromFile /private/tmp/mutt/muttley/src/dependency.js
[2019-06-27T16:19:18.989] [INFO] file -  readTestCasesFromFile /private/tmp/mutt/muttley/src/dependency.t.js
[2019-06-27T16:19:18.989] [INFO] file -  readTestCasesFromFile /private/tmp/mutt/muttley/src/logger.js
[2019-06-27T16:19:18.990] [INFO] file -  readTestCasesFromFile /private/tmp/mutt/muttley/src/mocha-runner.js
[2019-06-27T16:19:18.990] [INFO] file -  readTestCasesFromFile /private/tmp/mutt/muttley/src/mocha-runner.t.js
[2019-06-27T16:19:18.990] [INFO] file -  readTestCasesFromFile /private/tmp/mutt/muttley/src/mutt.js
[2019-06-27T16:19:18.990] [INFO] file -  readTestCasesFromFile /private/tmp/mutt/muttley/src/ps.js
[2019-06-27T16:19:18.990] [INFO] file -  readTestCasesFromFile /private/tmp/mutt/muttley/src/render.js
[2019-06-27T16:19:18.990] [INFO] file -  readTestCasesFromFile /private/tmp/mutt/muttley/src/test-runner.js
[2019-06-27T16:19:18.994] [DEBUG] file -  Found require on line const dependency_1 = require("./dependency");
[2019-06-27T16:19:18.994] [DEBUG] file -  Found require on line const assert = require("assert");
[2019-06-27T16:19:18.994] [DEBUG] file -  Found require on line const path_1 = __importDefault(require("path"));
[2019-06-27T16:19:18.994] [DEBUG] file -  Found require on line const process_1 = __importDefault(require("process"));
[2019-06-27T16:19:18.995] [INFO] file -   File /private/tmp/mutt/muttley/src/dependency.t.js depends on /private/tmp/mutt/muttley/src/dependency.js
[2019-06-27T16:19:18.995] [DEBUG] file -  Found require on line const fs_1 = __importDefault(require("fs"));
[2019-06-27T16:19:18.995] [DEBUG] file -  Found require on line const path_1 = __importDefault(require("path"));
[2019-06-27T16:19:18.995] [DEBUG] file -  Found require on line const logger_1 = require("./logger");
[2019-06-27T16:19:18.995] [INFO] file -    File /private/tmp/mutt/muttley/src/dependency.js depends on /private/tmp/mutt/muttley/src/logger.js
[2019-06-27T16:19:18.995] [DEBUG] file -  Found require on line const log4js_1 = __importDefault(require("log4js"));
[2019-06-27T16:19:18.996] [INFO] file -     File /private/tmp/mutt/muttley/src/logger.js depends on 
[2019-06-27T16:19:18.996] [INFO] file -     Full dependants for /private/tmp/mutt/muttley/src/logger.js are 
[2019-06-27T16:19:18.996] [INFO] file -    Full dependants for /private/tmp/mutt/muttley/src/dependency.js are /private/tmp/mutt/muttley/src/logger.js
[2019-06-27T16:19:18.996] [INFO] file -   File /private/tmp/mutt/muttley/src/dependency.js depends on /private/tmp/mutt/muttley/src/logger.js
[2019-06-27T16:19:18.996] [INFO] file -   Full dependants for /private/tmp/mutt/muttley/src/dependency.t.js are /private/tmp/mutt/muttley/src/dependency.js,/private/tmp/mutt/muttley/src/logger.js
[2019-06-27T16:19:18.996] [DEBUG] file -  adding /private/tmp/mutt/muttley/src/dependency.t.js-getFlat-throws if file not found getFlat throws if file not found
[2019-06-27T16:19:18.997] [DEBUG] file -  adding /private/tmp/mutt/muttley/src/dependency.t.js-getFlat-returns a single file getFlat returns a single file
[2019-06-27T16:19:18.997] [DEBUG] file -  adding /private/tmp/mutt/muttley/src/dependency.t.js-getFlat-returns multiple files getFlat returns multiple files
[2019-06-27T16:19:18.997] [DEBUG] file -  exec @ /private/tmp/mutt/muttley mocha [ '/private/tmp/mutt/muttley/src/dependency.t.js',
  '--reporter=xunit',
  '--require',
  'source-map-support/register' ]
[2019-06-27T16:19:19.002] [DEBUG] file -  Found require on line const mocha_runner_1 = require("./mocha-runner");
[2019-06-27T16:19:19.002] [DEBUG] file -  Found require on line const assert = require("assert");
[2019-06-27T16:19:19.002] [INFO] file -   File /private/tmp/mutt/muttley/src/mocha-runner.t.js depends on /private/tmp/mutt/muttley/src/mocha-runner.js
[2019-06-27T16:19:19.002] [DEBUG] file -  Found require on line const fs_1 = __importDefault(require("fs"));
[2019-06-27T16:19:19.002] [DEBUG] file -  Found require on line const os_1 = __importDefault(require("os"));
[2019-06-27T16:19:19.002] [DEBUG] file -  Found require on line const fast_xml_parser_1 = __importDefault(require("fast-xml-parser"));
[2019-06-27T16:19:19.002] [DEBUG] file -  Found require on line const child_process_1 = require("child_process");
[2019-06-27T16:19:19.003] [DEBUG] file -  Found require on line const logger_1 = require("./logger");
[2019-06-27T16:19:19.003] [INFO] file -    File /private/tmp/mutt/muttley/src/mocha-runner.js depends on /private/tmp/mutt/muttley/src/logger.js
[2019-06-27T16:19:19.003] [DEBUG] file -  Found require on line const log4js_1 = __importDefault(require("log4js"));
[2019-06-27T16:19:19.003] [INFO] file -     File /private/tmp/mutt/muttley/src/logger.js depends on 
[2019-06-27T16:19:19.003] [INFO] file -     Full dependants for /private/tmp/mutt/muttley/src/logger.js are 
[2019-06-27T16:19:19.003] [INFO] file -    Full dependants for /private/tmp/mutt/muttley/src/mocha-runner.js are /private/tmp/mutt/muttley/src/logger.js
[2019-06-27T16:19:19.003] [INFO] file -   File /private/tmp/mutt/muttley/src/mocha-runner.js depends on /private/tmp/mutt/muttley/src/logger.js
[2019-06-27T16:19:19.003] [INFO] file -   Full dependants for /private/tmp/mutt/muttley/src/mocha-runner.t.js are /private/tmp/mutt/muttley/src/mocha-runner.js,/private/tmp/mutt/muttley/src/logger.js
[2019-06-27T16:19:19.004] [DEBUG] file -  adding /private/tmp/mutt/muttley/src/mocha-runner.t.js-ctor-is can be created ctor is can be created
[2019-06-27T16:19:19.004] [DEBUG] file -  exec @ /private/tmp/mutt/muttley mocha [ '/private/tmp/mutt/muttley/src/mocha-runner.t.js',
  '--reporter=xunit',
  '--require',
  'source-map-support/register' ]
[2019-06-27T16:19:19.485] [INFO] file -  readFiles [ 'src' ]
[2019-06-27T16:19:19.487] [DEBUG] file -  readdir src
[2019-06-27T16:19:19.488] [DEBUG] file -  subfolders []
[2019-06-27T16:19:19.776] [INFO] file -  onStart /private/tmp/mutt/muttley/src/mocha-runner.t.js
[2019-06-27T16:19:19.777] [DEBUG] file -  /private/tmp/mutt/muttley/src/dependency.t.js-getFlat-throws if file not found /private/tmp/mutt/muttley/src/dependency.t.js /private/tmp/mutt/muttley/src/mocha-runner.t.js
[2019-06-27T16:19:19.777] [DEBUG] file -  /private/tmp/mutt/muttley/src/dependency.t.js-getFlat-returns a single file /private/tmp/mutt/muttley/src/dependency.t.js /private/tmp/mutt/muttley/src/mocha-runner.t.js
[2019-06-27T16:19:19.777] [DEBUG] file -  /private/tmp/mutt/muttley/src/dependency.t.js-getFlat-returns multiple files /private/tmp/mutt/muttley/src/dependency.t.js /private/tmp/mutt/muttley/src/mocha-runner.t.js
[2019-06-27T16:19:19.777] [DEBUG] file -  /private/tmp/mutt/muttley/src/mocha-runner.t.js-ctor-is can be created /private/tmp/mutt/muttley/src/mocha-runner.t.js /private/tmp/mutt/muttley/src/mocha-runner.t.js
[2019-06-27T16:19:19.777] [DEBUG] file -  remove /private/tmp/mutt/muttley/src/mocha-runner.t.js ctor is can be created
[2019-06-27T16:19:19.777] [DEBUG] file -  stdout: <testsuite name="Mocha Tests" tests="1" failures="0" errors="0" skipped="0" timestamp="Thu, 27 Jun 2019 20:19:19 GMT" time="0.004">
<testcase classname="MochaTestRunner ctor" name="is can be created" time="0"/>
</testsuite>

[2019-06-27T16:19:19.777] [DEBUG] file -  stderr: 
[2019-06-27T16:19:19.779] [DEBUG] file -  { name: 'Mocha Tests',
  tests: '1',
  failures: '0',
  errors: '0',
  skipped: '0',
  timestamp: 'Thu, 27 Jun 2019 20:19:19 GMT',
  time: '0.004',
  testcase:
   { classname: 'MochaTestRunner ctor',
     name: 'is can be created',
     time: '0' } }
[2019-06-27T16:19:19.779] [DEBUG] file -  pass: [%s] [%s] [%s] MochaTestRunner ctor is can be created 0
[2019-06-27T16:19:19.779] [INFO] file -  onPass /private/tmp/mutt/muttley/src/mocha-runner.t.js MochaTestRunner ctor is can be created 0
[2019-06-27T16:19:19.780] [INFO] file -  onEnd 1 0
[2019-06-27T16:19:19.792] [INFO] file -  onStart /private/tmp/mutt/muttley/src/dependency.t.js
[2019-06-27T16:19:19.792] [DEBUG] file -  /private/tmp/mutt/muttley/src/dependency.t.js-getFlat-throws if file not found /private/tmp/mutt/muttley/src/dependency.t.js /private/tmp/mutt/muttley/src/dependency.t.js
[2019-06-27T16:19:19.792] [DEBUG] file -  remove /private/tmp/mutt/muttley/src/dependency.t.js getFlat throws if file not found
[2019-06-27T16:19:19.792] [DEBUG] file -  /private/tmp/mutt/muttley/src/dependency.t.js-getFlat-returns a single file /private/tmp/mutt/muttley/src/dependency.t.js /private/tmp/mutt/muttley/src/dependency.t.js
[2019-06-27T16:19:19.792] [DEBUG] file -  remove /private/tmp/mutt/muttley/src/dependency.t.js getFlat returns a single file
[2019-06-27T16:19:19.792] [DEBUG] file -  /private/tmp/mutt/muttley/src/dependency.t.js-getFlat-returns multiple files /private/tmp/mutt/muttley/src/dependency.t.js /private/tmp/mutt/muttley/src/dependency.t.js
[2019-06-27T16:19:19.792] [DEBUG] file -  remove /private/tmp/mutt/muttley/src/dependency.t.js getFlat returns multiple files
[2019-06-27T16:19:19.792] [DEBUG] file -  /private/tmp/mutt/muttley/src/mocha-runner.t.js-MochaTestRunner ctor-is can be created /private/tmp/mutt/muttley/src/mocha-runner.t.js /private/tmp/mutt/muttley/src/dependency.t.js
[2019-06-27T16:19:19.792] [DEBUG] file -  mocha exe returned : Error: Command failed: mocha /private/tmp/mutt/muttley/src/dependency.t.js --reporter=xunit --require source-map-support/register

[2019-06-27T16:19:19.792] [DEBUG] file -  stdout: <testsuite name="Mocha Tests" tests="3" failures="0" errors="1" skipped="0" timestamp="Thu, 27 Jun 2019 20:19:19 GMT" time="0.022">
<testcase classname="DependencyTree getFlat" name="throws if file not found" time="0.001"/>
<testcase classname="DependencyTree getFlat" name="returns a single file" time="0.002"/>
<testcase classname="DependencyTree getFlat" name="returns multiple files" time="0.001"><failure>[ &#x27;/private/tmp/mutt/muttley/src/logger.js&#x27; ] deepEqual [ &#x27;/private/tmp/mutt/muttley/src/test-runner.js&#x27;,
  &#x27;/private/tmp/mutt/muttley/src/logger.js&#x27; ]

      + expected - actual

       [
      +  &#x22;/private/tmp/mutt/muttley/src/test-runner.js&#x22;
         &#x22;/private/tmp/mutt/muttley/src/logger.js&#x22;
       ]
      
AssertionError [ERR_ASSERTION]: [ &#x27;/private/tmp/mutt/muttley/src/logger.js&#x27; ] deepEqual [ &#x27;/private/tmp/mutt/muttley/src/test-runner.js&#x27;,
  &#x27;/private/tmp/mutt/muttley/src/logger.js&#x27; ]
    at Context.&#x3C;anonymous&#x3E; (src/dependency.t.ts:25:20)</failure></testcase>
</testsuite>

[2019-06-27T16:19:19.792] [DEBUG] file -  stderr: 
[2019-06-27T16:19:19.793] [DEBUG] file -  { name: 'Mocha Tests',
  tests: '3',
  failures: '0',
  errors: '1',
  skipped: '0',
  timestamp: 'Thu, 27 Jun 2019 20:19:19 GMT',
  time: '0.022',
  testcase:
   [ { classname: 'DependencyTree getFlat',
       name: 'throws if file not found',
       time: '0.001' },
     { classname: 'DependencyTree getFlat',
       name: 'returns a single file',
       time: '0.002' },
     { classname: 'DependencyTree getFlat',
       name: 'returns multiple files',
       time: '0.001',
       failure:
        '[ &#x27;/private/tmp/mutt/muttley/src/logger.js&#x27; ] deepEqual [ &#x27;/private/tmp/mutt/muttley/src/test-runner.js&#x27;,\n  &#x27;/private/tmp/mutt/muttley/src/logger.js&#x27; ]\n\n      + expected - actual\n\n       [\n      +  &#x22;/private/tmp/mutt/muttley/src/test-runner.js&#x22;\n         &#x22;/private/tmp/mutt/muttley/src/logger.js&#x22;\n       ]\n      \nAssertionError [ERR_ASSERTION]: [ &#x27;/private/tmp/mutt/muttley/src/logger.js&#x27; ] deepEqual [ &#x27;/private/tmp/mutt/muttley/src/test-runner.js&#x27;,\n  &#x27;/private/tmp/mutt/muttley/src/logger.js&#x27; ]\n    at Context.&#x3C;anonymous&#x3E; (src/dependency.t.ts:25:20)' } ] }
[2019-06-27T16:19:19.793] [DEBUG] file -  pass: [%s] [%s] [%s] DependencyTree getFlat throws if file not found 0.001
[2019-06-27T16:19:19.793] [INFO] file -  onPass /private/tmp/mutt/muttley/src/dependency.t.js DependencyTree getFlat throws if file not found 1
[2019-06-27T16:19:19.793] [DEBUG] file -  pass: [%s] [%s] [%s] DependencyTree getFlat returns a single file 0.002
[2019-06-27T16:19:19.793] [INFO] file -  onPass /private/tmp/mutt/muttley/src/dependency.t.js DependencyTree getFlat returns a single file 2
[2019-06-27T16:19:19.793] [DEBUG] file -  failed: [%s] [%s] [%s] DependencyTree getFlat returns multiple files 0.001
[2019-06-27T16:19:19.794] [DEBUG] file -  error message:
 [ &#x27;/private/tmp/mutt/muttley/src/logger.js&#x27; ] deepEqual [ &#x27;/private/tmp/mutt/muttley/src/test-runner.js&#x27;,
  &#x27;/private/tmp/mutt/muttley/src/logger.js&#x27; ]
      + expected - actual
       [
      +  &#x22;/private/tmp/mutt/muttley/src/test-runner.js&#x22;
         &#x22;/private/tmp/mutt/muttley/src/logger.js&#x22;
       ]
      
AssertionError [ERR_ASSERTION]: [ &#x27;/private/tmp/mutt/muttley/src/logger.js&#x27; ] deepEqual [ &#x27;/private/tmp/mutt/muttley/src/test-runner.js&#x27;,
  &#x27;/private/tmp/mutt/muttley/src/logger.js&#x27; ]
    at Context.&#x3C;anonymous&#x3E; (src/dependency.t.ts:25:20)
[2019-06-27T16:19:19.794] [DEBUG] file -  extractStack returns [ { file: 'src/dependency.t.ts', lineno: 25 } ]
[2019-06-27T16:19:19.794] [ERROR] file -  onFail /private/tmp/mutt/muttley/src/dependency.t.js DependencyTree getFlat returns multiple files [ &#x27;/private/tmp/mutt/muttley/src/logger.js&#x27; ] deepEqual [ &#x27;/private/tmp/mutt/muttley/src/test-runner.js&#x27;,   &#x27;/private/tmp/mutt/muttley/src/logger.js&#x27; ]       + expected - actual        [       +  &#x22;/private/tmp/mutt/muttley/src/test-runner.js&#x22;          &#x22;/private/tmp/mutt/muttley/src/logger.js&#x22;        ]        AssertionError [ERR_ASSERTION]: [ &#x27;/private/tmp/mutt/muttley/src/logger.js&#x27; ] deepEqual [ &#x27;/private/tmp/mutt/muttley/src/test-runner.js&#x27;,   &#x27;/private/tmp/mutt/muttley/src/logger.js&#x27; ]     at Context.&#x3C;anonymous&#x3E; (src/dependency.t.ts:25:20)
[2019-06-27T16:19:19.794] [DEBUG] file -  onFail /private/tmp/mutt/muttley/src/dependency.t.js DependencyTree getFlat returns multiple files [ &#x27;/private/tmp/mutt/muttley/src/logger.js&#x27; ] deepEqual [ &#x27;/private/tmp/mutt/muttley/src/test-runner.js&#x27;,
  &#x27;/private/tmp/mutt/muttley/src/logger.js&#x27; ]

      + expected - actual

       [
      +  &#x22;/private/tmp/mutt/muttley/src/test-runner.js&#x22;
         &#x22;/private/tmp/mutt/muttley/src/logger.js&#x22;
       ]
      
AssertionError [ERR_ASSERTION]: [ &#x27;/private/tmp/mutt/muttley/src/logger.js&#x27; ] deepEqual [ &#x27;/private/tmp/mutt/muttley/src/test-runner.js&#x27;,
  &#x27;/private/tmp/mutt/muttley/src/logger.js&#x27; ]
    at Context.&#x3C;anonymous&#x3E; (src/dependency.t.ts:25:20) [ &#x27;/private/tmp/mutt/muttley/src/logger.js&#x27; ] deepEqual [ &#x27;/private/tmp/mutt/muttley/src/test-runner.js&#x27;,   &#x27;/private/tmp/mutt/muttley/src/logger.js&#x27; ]       + expected - actual        [       +  &#x22;/private/tmp/mutt/muttley/src/test-runner.js&#x22;          &#x22;/private/tmp/mutt/muttley/src/logger.js&#x22;        ]        AssertionError [ERR_ASSERTION]: [ &#x27;/private/tmp/mutt/muttley/src/logger.js&#x27; ] deepEqual [ &#x27;/private/tmp/mutt/muttley/src/test-runner.js&#x27;,   &#x27;/private/tmp/mutt/muttley/src/logger.js&#x27; ]     at Context.&#x3C;anonymous&#x3E; (src/dependency.t.ts:25:20) [ { file: 'src/dependency.t.ts', lineno: 25 } ]
[2019-06-27T16:19:19.795] [INFO] file -  onEnd 2 1
[2019-06-27T16:19:19.795] [DEBUG] file -  subfolders []
[2019-06-27T16:19:19.990] [INFO] file -  readFiles [ 'src' ]
[2019-06-27T16:19:19.991] [DEBUG] file -  readdir src
[2019-06-27T16:19:19.992] [DEBUG] file -  subfolders []
[2019-06-27T16:19:20.493] [INFO] file -  readFiles [ 'src' ]
[2019-06-27T16:19:20.494] [DEBUG] file -  readdir src
[2019-06-27T16:19:20.495] [DEBUG] file -  subfolders []
[2019-06-27T16:19:20.995] [INFO] file -  readFiles [ 'src' ]
[2019-06-27T16:19:20.997] [DEBUG] file -  readdir src
[2019-06-27T16:19:20.997] [DEBUG] file -  subfolders []
